running egg_info
creating build/safety_detectors/safety_detectors.egg-info
writing build/safety_detectors/safety_detectors.egg-info/PKG-INFO
writing dependency_links to build/safety_detectors/safety_detectors.egg-info/dependency_links.txt
writing entry points to build/safety_detectors/safety_detectors.egg-info/entry_points.txt
writing requirements to build/safety_detectors/safety_detectors.egg-info/requires.txt
writing top-level names to build/safety_detectors/safety_detectors.egg-info/top_level.txt
writing manifest file 'build/safety_detectors/safety_detectors.egg-info/SOURCES.txt'
reading manifest file 'build/safety_detectors/safety_detectors.egg-info/SOURCES.txt'
adding license file 'LICENSE'
writing manifest file 'build/safety_detectors/safety_detectors.egg-info/SOURCES.txt'
running build
running build_py
creating /home/giselly/ros2_ws/src/safety_detectors/build/safety_detectors/build
creating /home/giselly/ros2_ws/src/safety_detectors/build/safety_detectors/build/lib
creating /home/giselly/ros2_ws/src/safety_detectors/build/safety_detectors/build/lib/safety_detectors
copying safety_detectors/image_publisher.py -> /home/giselly/ros2_ws/src/safety_detectors/build/safety_detectors/build/lib/safety_detectors
copying safety_detectors/image_controller_node.py -> /home/giselly/ros2_ws/src/safety_detectors/build/safety_detectors/build/lib/safety_detectors
copying safety_detectors/__init__.py -> /home/giselly/ros2_ws/src/safety_detectors/build/safety_detectors/build/lib/safety_detectors
copying safety_detectors/image_subscriber.py -> /home/giselly/ros2_ws/src/safety_detectors/build/safety_detectors/build/lib/safety_detectors
copying safety_detectors/water_detection_node.py -> /home/giselly/ros2_ws/src/safety_detectors/build/safety_detectors/build/lib/safety_detectors
running install
running install_lib
creating /home/giselly/ros2_ws/src/safety_detectors/install/safety_detectors/lib/python3.10/site-packages/safety_detectors
copying /home/giselly/ros2_ws/src/safety_detectors/build/safety_detectors/build/lib/safety_detectors/image_publisher.py -> /home/giselly/ros2_ws/src/safety_detectors/install/safety_detectors/lib/python3.10/site-packages/safety_detectors
copying /home/giselly/ros2_ws/src/safety_detectors/build/safety_detectors/build/lib/safety_detectors/image_controller_node.py -> /home/giselly/ros2_ws/src/safety_detectors/install/safety_detectors/lib/python3.10/site-packages/safety_detectors
copying /home/giselly/ros2_ws/src/safety_detectors/build/safety_detectors/build/lib/safety_detectors/__init__.py -> /home/giselly/ros2_ws/src/safety_detectors/install/safety_detectors/lib/python3.10/site-packages/safety_detectors
copying /home/giselly/ros2_ws/src/safety_detectors/build/safety_detectors/build/lib/safety_detectors/image_subscriber.py -> /home/giselly/ros2_ws/src/safety_detectors/install/safety_detectors/lib/python3.10/site-packages/safety_detectors
copying /home/giselly/ros2_ws/src/safety_detectors/build/safety_detectors/build/lib/safety_detectors/water_detection_node.py -> /home/giselly/ros2_ws/src/safety_detectors/install/safety_detectors/lib/python3.10/site-packages/safety_detectors
byte-compiling /home/giselly/ros2_ws/src/safety_detectors/install/safety_detectors/lib/python3.10/site-packages/safety_detectors/image_publisher.py to image_publisher.cpython-310.pyc
byte-compiling /home/giselly/ros2_ws/src/safety_detectors/install/safety_detectors/lib/python3.10/site-packages/safety_detectors/image_controller_node.py to image_controller_node.cpython-310.pyc
byte-compiling /home/giselly/ros2_ws/src/safety_detectors/install/safety_detectors/lib/python3.10/site-packages/safety_detectors/__init__.py to __init__.cpython-310.pyc
byte-compiling /home/giselly/ros2_ws/src/safety_detectors/install/safety_detectors/lib/python3.10/site-packages/safety_detectors/image_subscriber.py to image_subscriber.cpython-310.pyc
byte-compiling /home/giselly/ros2_ws/src/safety_detectors/install/safety_detectors/lib/python3.10/site-packages/safety_detectors/water_detection_node.py to water_detection_node.cpython-310.pyc
running install_data
creating /home/giselly/ros2_ws/src/safety_detectors/install/safety_detectors/share/ament_index
creating /home/giselly/ros2_ws/src/safety_detectors/install/safety_detectors/share/ament_index/resource_index
creating /home/giselly/ros2_ws/src/safety_detectors/install/safety_detectors/share/ament_index/resource_index/packages
copying resource/safety_detectors -> /home/giselly/ros2_ws/src/safety_detectors/install/safety_detectors/share/ament_index/resource_index/packages
copying package.xml -> /home/giselly/ros2_ws/src/safety_detectors/install/safety_detectors/share/safety_detectors
running install_egg_info
Copying build/safety_detectors/safety_detectors.egg-info to /home/giselly/ros2_ws/src/safety_detectors/install/safety_detectors/lib/python3.10/site-packages/safety_detectors-0.0.0-py3.10.egg-info
running install_scripts
Installing image_controller_node script to /home/giselly/ros2_ws/src/safety_detectors/install/safety_detectors/lib/safety_detectors
Installing image_publisher script to /home/giselly/ros2_ws/src/safety_detectors/install/safety_detectors/lib/safety_detectors
Installing image_subscriber script to /home/giselly/ros2_ws/src/safety_detectors/install/safety_detectors/lib/safety_detectors
Installing relay_node script to /home/giselly/ros2_ws/src/safety_detectors/install/safety_detectors/lib/safety_detectors
Installing water_detection_node script to /home/giselly/ros2_ws/src/safety_detectors/install/safety_detectors/lib/safety_detectors
writing list of installed files to '/home/giselly/ros2_ws/src/safety_detectors/build/safety_detectors/install.log'
