/home/giselly/ros2_ws/src/safety_detectors/install/safety_detectors/lib/python3.10/site-packages/safety_detectors/image_publisher.py
/home/giselly/ros2_ws/src/safety_detectors/install/safety_detectors/lib/python3.10/site-packages/safety_detectors/image_controller_node.py
/home/giselly/ros2_ws/src/safety_detectors/install/safety_detectors/lib/python3.10/site-packages/safety_detectors/__init__.py
/home/giselly/ros2_ws/src/safety_detectors/install/safety_detectors/lib/python3.10/site-packages/safety_detectors/image_subscriber.py
/home/giselly/ros2_ws/src/safety_detectors/install/safety_detectors/lib/python3.10/site-packages/safety_detectors/water_detection_node.py
/home/giselly/ros2_ws/src/safety_detectors/install/safety_detectors/lib/python3.10/site-packages/safety_detectors/__pycache__/image_publisher.cpython-310.pyc
/home/giselly/ros2_ws/src/safety_detectors/install/safety_detectors/lib/python3.10/site-packages/safety_detectors/__pycache__/image_controller_node.cpython-310.pyc
/home/giselly/ros2_ws/src/safety_detectors/install/safety_detectors/lib/python3.10/site-packages/safety_detectors/__pycache__/__init__.cpython-310.pyc
/home/giselly/ros2_ws/src/safety_detectors/install/safety_detectors/lib/python3.10/site-packages/safety_detectors/__pycache__/image_subscriber.cpython-310.pyc
/home/giselly/ros2_ws/src/safety_detectors/install/safety_detectors/lib/python3.10/site-packages/safety_detectors/__pycache__/water_detection_node.cpython-310.pyc
/home/giselly/ros2_ws/src/safety_detectors/install/safety_detectors/share/ament_index/resource_index/packages/safety_detectors
/home/giselly/ros2_ws/src/safety_detectors/install/safety_detectors/share/safety_detectors/package.xml
/home/giselly/ros2_ws/src/safety_detectors/install/safety_detectors/lib/python3.10/site-packages/safety_detectors-0.0.0-py3.10.egg-info/zip-safe
/home/giselly/ros2_ws/src/safety_detectors/install/safety_detectors/lib/python3.10/site-packages/safety_detectors-0.0.0-py3.10.egg-info/SOURCES.txt
/home/giselly/ros2_ws/src/safety_detectors/install/safety_detectors/lib/python3.10/site-packages/safety_detectors-0.0.0-py3.10.egg-info/requires.txt
/home/giselly/ros2_ws/src/safety_detectors/install/safety_detectors/lib/python3.10/site-packages/safety_detectors-0.0.0-py3.10.egg-info/top_level.txt
/home/giselly/ros2_ws/src/safety_detectors/install/safety_detectors/lib/python3.10/site-packages/safety_detectors-0.0.0-py3.10.egg-info/dependency_links.txt
/home/giselly/ros2_ws/src/safety_detectors/install/safety_detectors/lib/python3.10/site-packages/safety_detectors-0.0.0-py3.10.egg-info/entry_points.txt
/home/giselly/ros2_ws/src/safety_detectors/install/safety_detectors/lib/python3.10/site-packages/safety_detectors-0.0.0-py3.10.egg-info/PKG-INFO
/home/giselly/ros2_ws/src/safety_detectors/install/safety_detectors/lib/safety_detectors/image_controller_node
/home/giselly/ros2_ws/src/safety_detectors/install/safety_detectors/lib/safety_detectors/image_publisher
/home/giselly/ros2_ws/src/safety_detectors/install/safety_detectors/lib/safety_detectors/image_subscriber
/home/giselly/ros2_ws/src/safety_detectors/install/safety_detectors/lib/safety_detectors/relay_node
/home/giselly/ros2_ws/src/safety_detectors/install/safety_detectors/lib/safety_detectors/water_detection_node
